# JRE version: OpenJDK Runtime Environment (8.0_152-b01) (build 1.8.0_152-release-1343-b01)
# Java VM: OpenJDK 64-Bit Server VM (25.152-b01 mixed mode windows-amd64 compressed oops)
Heap:
 PSYoungGen      total 340480K, used 215577K [0x00000000e0000000, 0x00000000fa200000, 0x0000000100000000)
  eden space 298496K, 58% used [0x00000000e0000000,0x00000000ea98a1f0,0x00000000f2380000)
  from space 41984K, 99% used [0x00000000f2380000,0x00000000f4c7c438,0x00000000f4c80000)
  to   space 48640K, 0% used [0x00000000f7280000,0x00000000f7280000,0x00000000fa200000)
 ParOldGen       total 292352K, used 93060K [0x00000000a0000000, 0x00000000b1d80000, 0x00000000e0000000)
  object space 292352K, 31% used [0x00000000a0000000,0x00000000a5ae1180,0x00000000b1d80000)
 Metaspace       used 87094K, capacity 91676K, committed 91816K, reserved 1128448K
  class space    used 11257K, capacity 12103K, committed 12200K, reserved 1048576K
GC Heap History (10 events):
Event: 10.819 GC heap before
{Heap before GC invocations=16 (full 3):
 PSYoungGen      total 257024K, used 234164K [0x00000000e0000000, 0x00000000f1f80000, 0x0000000100000000)
  eden space 219648K, 100% used [0x00000000e0000000,0x00000000ed680000,0x00000000ed680000)
  from space 37376K, 38% used [0x00000000efb00000,0x00000000f092d020,0x00000000f1f80000)
  to   space 37376K, 0% used [0x00000000ed680000,0x00000000ed680000,0x00000000efb00000)
 ParOldGen       total 292352K, used 91987K [0x00000000a0000000, 0x00000000b1d80000, 0x00000000e0000000)
  object space 292352K, 31% used [0x00000000a0000000,0x00000000a59d4d20,0x00000000b1d80000)
 Metaspace       used 72986K, capacity 76236K, committed 76328K, reserved 1116160K
  class space    used 9602K, capacity 10254K, committed 10280K, reserved 1048576K
Event: 10.833 GC heap after
Heap after GC invocations=16 (full 3):
 PSYoungGen      total 257024K, used 19056K [0x00000000e0000000, 0x00000000f3f00000, 0x0000000100000000)
  eden space 219648K, 0% used [0x00000000e0000000,0x00000000e0000000,0x00000000ed680000)
  from space 37376K, 50% used [0x00000000ed680000,0x00000000ee91c030,0x00000000efb00000)
  to   space 35840K, 0% used [0x00000000f1c00000,0x00000000f1c00000,0x00000000f3f00000)
 ParOldGen       total 292352K, used 91995K [0x00000000a0000000, 0x00000000b1d80000, 0x00000000e0000000)
  object space 292352K, 31% used [0x00000000a0000000,0x00000000a59d6d20,0x00000000b1d80000)
 Metaspace       used 72986K, capacity 76236K, committed 76328K, reserved 1116160K
  class space    used 9602K, capacity 10254K, committed 10280K, reserved 1048576K
}
Event: 11.434 GC heap before
{Heap before GC invocations=17 (full 3):
 PSYoungGen      total 257024K, used 238704K [0x00000000e0000000, 0x00000000f3f00000, 0x0000000100000000)
  eden space 219648K, 100% used [0x00000000e0000000,0x00000000ed680000,0x00000000ed680000)
  from space 37376K, 50% used [0x00000000ed680000,0x00000000ee91c030,0x00000000efb00000)
  to   space 35840K, 0% used [0x00000000f1c00000,0x00000000f1c00000,0x00000000f3f00000)
 ParOldGen       total 292352K, used 91995K [0x00000000a0000000, 0x00000000b1d80000, 0x00000000e0000000)
  object space 292352K, 31% used [0x00000000a0000000,0x00000000a59d6d20,0x00000000b1d80000)
 Metaspace       used 73071K, capacity 76308K, committed 76584K, reserved 1116160K
  class space    used 9612K, capacity 10254K, committed 10280K, reserved 1048576K
Event: 11.453 GC heap after
Heap after GC invocations=17 (full 3):
 PSYoungGen      total 289792K, used 24212K [0x00000000e0000000, 0x00000000f4500000, 0x0000000100000000)
  eden space 253952K, 0% used [0x00000000e0000000,0x00000000e0000000,0x00000000ef800000)
  from space 35840K, 67% used [0x00000000f1c00000,0x00000000f33a5030,0x00000000f3f00000)
  to   space 36864K, 0% used [0x00000000ef800000,0x00000000ef800000,0x00000000f1c00000)
 ParOldGen       total 292352K, used 92003K [0x00000000a0000000, 0x00000000b1d80000, 0x00000000e0000000)
  object space 292352K, 31% used [0x00000000a0000000,0x00000000a59d8d20,0x00000000b1d80000)
 Metaspace       used 73071K, capacity 76308K, committed 76584K, reserved 1116160K
  class space    used 9612K, capacity 10254K, committed 10280K, reserved 1048576K
}
Event: 12.210 GC heap before
{Heap before GC invocations=18 (full 3):
 PSYoungGen      total 289792K, used 278164K [0x00000000e0000000, 0x00000000f4500000, 0x0000000100000000)
  eden space 253952K, 100% used [0x00000000e0000000,0x00000000ef800000,0x00000000ef800000)
  from space 35840K, 67% used [0x00000000f1c00000,0x00000000f33a5030,0x00000000f3f00000)
  to   space 36864K, 0% used [0x00000000ef800000,0x00000000ef800000,0x00000000f1c00000)
 ParOldGen       total 292352K, used 92003K [0x00000000a0000000, 0x00000000b1d80000, 0x00000000e0000000)
  object space 292352K, 31% used [0x00000000a0000000,0x00000000a59d8d20,0x00000000b1d80000)
 Metaspace       used 73105K, capacity 76316K, committed 76584K, reserved 1116160K
  class space    used 9613K, capacity 10254K, committed 10280K, reserved 1048576K
Event: 12.229 GC heap after
Heap after GC invocations=18 (full 3):
 PSYoungGen      total 290816K, used 30484K [0x00000000e0000000, 0x00000000f7300000, 0x0000000100000000)
  eden space 253952K, 0% used [0x00000000e0000000,0x00000000e0000000,0x00000000ef800000)
  from space 36864K, 82% used [0x00000000ef800000,0x00000000f15c5030,0x00000000f1c00000)
  to   space 39424K, 0% used [0x00000000f4c80000,0x00000000f4c80000,0x00000000f7300000)
 ParOldGen       total 292352K, used 92003K [0x00000000a0000000, 0x00000000b1d80000, 0x00000000e0000000)
  object space 292352K, 31% used [0x00000000a0000000,0x00000000a59d8d20,0x00000000b1d80000)
 Metaspace       used 73105K, capacity 76316K, committed 76584K, reserved 1116160K
  class space    used 9613K, capacity 10254K, committed 10280K, reserved 1048576K
}
Event: 13.206 GC heap before
{Heap before GC invocations=19 (full 3):
 PSYoungGen      total 290816K, used 284436K [0x00000000e0000000, 0x00000000f7300000, 0x0000000100000000)
  eden space 253952K, 100% used [0x00000000e0000000,0x00000000ef800000,0x00000000ef800000)
  from space 36864K, 82% used [0x00000000ef800000,0x00000000f15c5030,0x00000000f1c00000)
  to   space 39424K, 0% used [0x00000000f4c80000,0x00000000f4c80000,0x00000000f7300000)
 ParOldGen       total 292352K, used 92003K [0x00000000a0000000, 0x00000000b1d80000, 0x00000000e0000000)
  object space 292352K, 31% used [0x00000000a0000000,0x00000000a59d8d20,0x00000000b1d80000)
 Metaspace       used 74470K, capacity 77988K, committed 78120K, reserved 1116160K
  class space    used 9773K, capacity 10460K, committed 10536K, reserved 1048576K
Event: 13.229 GC heap after
Heap after GC invocations=19 (full 3):
 PSYoungGen      total 337920K, used 31536K [0x00000000e0000000, 0x00000000f7800000, 0x0000000100000000)
  eden space 298496K, 0% used [0x00000000e0000000,0x00000000e0000000,0x00000000f2380000)
  from space 39424K, 79% used [0x00000000f4c80000,0x00000000f6b4c3c8,0x00000000f7300000)
  to   space 41984K, 0% used [0x00000000f2380000,0x00000000f2380000,0x00000000f4c80000)
 ParOldGen       total 292352K, used 92011K [0x00000000a0000000, 0x00000000b1d80000, 0x00000000e0000000)
  object space 292352K, 31% used [0x00000000a0000000,0x00000000a59dad20,0x00000000b1d80000)
 Metaspace       used 74470K, capacity 77988K, committed 78120K, reserved 1116160K
  class space    used 9773K, capacity 10460K, committed 10536K, reserved 1048576K
}
Event: 16.205 GC heap before
{Heap before GC invocations=20 (full 3):
 PSYoungGen      total 337920K, used 330032K [0x00000000e0000000, 0x00000000f7800000, 0x0000000100000000)
  eden space 298496K, 100% used [0x00000000e0000000,0x00000000f2380000,0x00000000f2380000)
  from space 39424K, 79% used [0x00000000f4c80000,0x00000000f6b4c3c8,0x00000000f7300000)
  to   space 41984K, 0% used [0x00000000f2380000,0x00000000f2380000,0x00000000f4c80000)
 ParOldGen       total 292352K, used 92011K [0x00000000a0000000, 0x00000000b1d80000, 0x00000000e0000000)
  object space 292352K, 31% used [0x00000000a0000000,0x00000000a59dad20,0x00000000b1d80000)
 Metaspace       used 81484K, capacity 85626K, committed 85928K, reserved 1124352K
  class space    used 10601K, capacity 11377K, committed 11432K, reserved 1048576K
Event: 16.225 GC heap after
Heap after GC invocations=20 (full 3):
 PSYoungGen      total 340480K, used 41969K [0x00000000e0000000, 0x00000000fa200000, 0x0000000100000000)
  eden space 298496K, 0% used [0x00000000e0000000,0x00000000e0000000,0x00000000f2380000)
  from space 41984K, 99% used [0x00000000f2380000,0x00000000f4c7c438,0x00000000f4c80000)
  to   space 48640K, 0% used [0x00000000f7280000,0x00000000f7280000,0x00000000fa200000)
 ParOldGen       total 292352K, used 93060K [0x00000000a0000000, 0x00000000b1d80000, 0x00000000e0000000)
  object space 292352K, 31% used [0x00000000a0000000,0x00000000a5ae1180,0x00000000b1d80000)
 Metaspace       used 81484K, capacity 85626K, committed 85928K, reserved 1124352K
  class space    used 10601K, capacity 11377K, committed 11432K, reserved 1048576K
}

